<?xml version="1.0" encoding="UTF-8"?>
<!-- Generated by org.testng.reporters.JUnitReportReporter -->
<testsuite hostname="Uncodemy" failures="0" tests="1" name="rest_day1.UploadData" time="4.069" errors="0" timestamp="2024-01-28T10:29:45 IST" skipped="0">
  <testcase classname="rest_day1.UploadData" name="dataUploadFile" time="4.069"/>
  <system-out/>
</testsuite> <!-- rest_day1.UploadData -->
