<?xml version="1.0" encoding="UTF-8"?>
<!-- Generated by org.testng.reporters.JUnitReportReporter -->
<testsuite hostname="Uncodemy" failures="0" tests="1" name="rest_day1.PathParameter" time="2.595" errors="0" timestamp="2024-01-23T20:33:13 IST" skipped="0">
  <testcase classname="rest_day1.PathParameter" name="CookiesTest" time="2.595"/>
  <system-out/>
</testsuite> <!-- rest_day1.PathParameter -->
