<?xml version="1.0" encoding="UTF-8"?>
<!-- Generated by org.testng.reporters.JUnitReportReporter -->
<testsuite hostname="Uncodemy" failures="0" tests="1" name="rest_day1.HeadersAuto" time="2.862" errors="0" timestamp="2024-01-24T20:13:17 IST" skipped="0">
  <testcase classname="rest_day1.HeadersAuto" name="headerTest" time="2.862"/>
  <system-out/>
</testsuite> <!-- rest_day1.HeadersAuto -->
