<?xml version="1.0" encoding="UTF-8"?>
<!-- Generated by org.testng.reporters.JUnitReportReporter -->
<testsuite hostname="Uncodemy" failures="0" tests="1" name="rest_day1.Rest_Day1" time="2.546" errors="0" timestamp="2024-01-27T10:27:05 IST" skipped="0">
  <testcase classname="rest_day1.Rest_Day1" name="testcase_1" time="2.546"/>
  <system-out/>
</testsuite> <!-- rest_day1.Rest_Day1 -->
